{"C:\\Systextil\\workspace\\dr-food\\App.js": {"path":"C:\\Systextil\\workspace\\dr-food\\App.js","statementMap":{"0":{"start":{"line":4,"column":12},"end":{"line":4,"column":19}},"1":{"start":{"line":6,"column":12},"end":{"line":10,"column":1}},"2":{"start":{"line":7,"column":4},"end":{"line":9,"column":11}},"3":{"start":{"line":12,"column":15},"end":{"line":19,"column":2}}},"fnMap":{"0":{"name":"(anonymous_0)","decl":{"start":{"line":6,"column":12},"end":{"line":6,"column":13}},"loc":{"start":{"line":7,"column":4},"end":{"line":9,"column":11}},"line":7}},"branchMap":{},"s":{"0":1,"1":1,"2":1,"3":1},"f":{"0":1},"b":{},"_coverageSchema":"43e27e138ebf9cfc5966b082cf9a028302ed4184","hash":"93b50526f091608fffedbaa31969cd3d8144441c"}
}
